11-10-2021 10:28:35.590 [background-preinit] [travel-checker-server] INFO  o.h.validator.internal.util.Version.<clinit> - HV000001: Hibernate Validator 6.1.7.Final
11-10-2021 10:28:35.637 [main] [travel-checker-server] INFO  c.l.t.TravelCheckerApplication.logStarting - Starting TravelCheckerApplication using Java 11.0.7 on lzugaj with PID 16800 (C:\Workspace\travel-checker\travel-checker-server\target\classes started by lzugaj in C:\Workspace\travel-checker\travel-checker-server)
11-10-2021 10:28:35.639 [main] [travel-checker-server] INFO  c.l.t.TravelCheckerApplication.logStartupProfileInfo - The following profiles are active: dev
11-10-2021 10:28:37.554 [main] [travel-checker-server] INFO  o.s.d.r.c.RepositoryConfigurationDelegate.registerRepositoriesIn - Bootstrapping Spring Data JPA repositories in DEFAULT mode.
11-10-2021 10:28:37.815 [main] [travel-checker-server] INFO  o.s.d.r.c.RepositoryConfigurationDelegate.registerRepositoriesIn - Finished Spring Data repository scanning in 245 ms. Found 4 JPA repository interfaces.
11-10-2021 10:28:38.838 [main] [travel-checker-server] INFO  o.s.b.w.e.tomcat.TomcatWebServer.initialize - Tomcat initialized with port(s): 8080 (http)
11-10-2021 10:28:38.850 [main] [travel-checker-server] INFO  o.a.coyote.http11.Http11NioProtocol.log - Initializing ProtocolHandler ["http-nio-8080"]
11-10-2021 10:28:38.852 [main] [travel-checker-server] INFO  o.a.catalina.core.StandardService.log - Starting service [Tomcat]
11-10-2021 10:28:38.852 [main] [travel-checker-server] INFO  o.a.catalina.core.StandardEngine.log - Starting Servlet engine: [Apache Tomcat/9.0.43]
11-10-2021 10:28:39.065 [main] [travel-checker-server] INFO  o.a.c.c.C.[.[.[/api/v1/travel-checker].log - Initializing Spring embedded WebApplicationContext
11-10-2021 10:28:39.065 [main] [travel-checker-server] INFO  o.s.b.w.s.c.ServletWebServerApplicationContext.prepareWebApplicationContext - Root WebApplicationContext: initialization completed in 3344 ms
11-10-2021 10:28:39.168 [main] [travel-checker-server] INFO  com.zaxxer.hikari.HikariDataSource.getConnection - HikariPool-1 - Starting...
11-10-2021 10:28:39.345 [main] [travel-checker-server] INFO  com.zaxxer.hikari.HikariDataSource.getConnection - HikariPool-1 - Start completed.
11-10-2021 10:28:39.354 [main] [travel-checker-server] INFO  o.s.b.a.h.H2ConsoleAutoConfiguration.lambda$h2Console$0 - H2 console available at '/h2-console'. Database available at 'jdbc:h2:mem:testdb'
11-10-2021 10:28:44.159 [main] [travel-checker-server] INFO  l.lockservice.StandardLockService.info - Successfully acquired change log lock
11-10-2021 10:28:44.716 [main] [travel-checker-server] INFO  l.changelog.DatabaseChangeLog.info - Reading resource: db/changelog/changelog/20210624-000-role-create.xml
11-10-2021 10:28:44.751 [main] [travel-checker-server] INFO  l.changelog.DatabaseChangeLog.info - Reading resource: db/changelog/changelog/20210624-001-user-create.xml
11-10-2021 10:28:44.776 [main] [travel-checker-server] INFO  l.changelog.DatabaseChangeLog.info - Reading resource: db/changelog/changelog/20210624-002-user-role-create.xml
11-10-2021 10:28:44.795 [main] [travel-checker-server] INFO  l.changelog.DatabaseChangeLog.info - Reading resource: db/changelog/changelog/20210624-003-coordinate-create.xml
11-10-2021 10:28:44.812 [main] [travel-checker-server] INFO  l.changelog.DatabaseChangeLog.info - Reading resource: db/changelog/changelog/20210624-004-marker-create.xml
11-10-2021 10:28:44.829 [main] [travel-checker-server] INFO  l.changelog.DatabaseChangeLog.info - Reading resource: db/changelog/changelog/20210624-005-user-marker-create.xml
11-10-2021 10:28:44.842 [main] [travel-checker-server] INFO  l.changelog.DatabaseChangeLog.info - Reading resource: db/changelog/changelog/20210624-006-role-insert.xml
11-10-2021 10:28:44.854 [main] [travel-checker-server] INFO  l.changelog.DatabaseChangeLog.info - Reading resource: db/changelog/changelog/20210723-000-user-alter.xml
11-10-2021 10:28:44.923 [main] [travel-checker-server] INFO  l.c.StandardChangeLogHistoryService.info - Creating database history table with name: PUBLIC.DATABASECHANGELOG
11-10-2021 10:28:44.927 [main] [travel-checker-server] INFO  l.c.StandardChangeLogHistoryService.info - Reading from PUBLIC.DATABASECHANGELOG
11-10-2021 10:28:45.070 [main] [travel-checker-server] INFO  liquibase.changelog.ChangeSet.info - Table role created
11-10-2021 10:28:45.071 [main] [travel-checker-server] INFO  liquibase.changelog.ChangeSet.info - ChangeSet db/changelog/changelog/20210624-000-role-create.xml::20210624-000-1::lzugaj ran successfully in 12ms
11-10-2021 10:28:45.099 [main] [travel-checker-server] INFO  liquibase.changelog.ChangeSet.info - Table user created
11-10-2021 10:28:45.099 [main] [travel-checker-server] INFO  liquibase.changelog.ChangeSet.info - ChangeSet db/changelog/changelog/20210624-001-user-create.xml::20210624-001-1::lzugaj ran successfully in 2ms
11-10-2021 10:28:45.104 [main] [travel-checker-server] INFO  liquibase.changelog.ChangeSet.info - Table user_role created
11-10-2021 10:28:45.105 [main] [travel-checker-server] INFO  liquibase.changelog.ChangeSet.info - ChangeSet db/changelog/changelog/20210624-002-user-role-create.xml::20210624-002-1::lzugaj ran successfully in 3ms
11-10-2021 10:28:45.129 [main] [travel-checker-server] INFO  liquibase.changelog.ChangeSet.info - Foreign key constraint added to user_role (user_id)
11-10-2021 10:28:45.130 [main] [travel-checker-server] INFO  liquibase.changelog.ChangeSet.info - ChangeSet db/changelog/changelog/20210624-002-user-role-create.xml::20210624-002-2::lzugaj ran successfully in 21ms
11-10-2021 10:28:45.136 [main] [travel-checker-server] INFO  liquibase.changelog.ChangeSet.info - Foreign key constraint added to user_role (role_id)
11-10-2021 10:28:45.136 [main] [travel-checker-server] INFO  liquibase.changelog.ChangeSet.info - ChangeSet db/changelog/changelog/20210624-002-user-role-create.xml::20210624-002-3::lzugaj ran successfully in 4ms
11-10-2021 10:28:45.142 [main] [travel-checker-server] INFO  liquibase.changelog.ChangeSet.info - Table coordinate created
11-10-2021 10:28:45.143 [main] [travel-checker-server] INFO  liquibase.changelog.ChangeSet.info - ChangeSet db/changelog/changelog/20210624-003-coordinate-create.xml::20210624-003-1::lzugaj ran successfully in 4ms
11-10-2021 10:28:45.150 [main] [travel-checker-server] INFO  liquibase.changelog.ChangeSet.info - Table marker created
11-10-2021 10:28:45.151 [main] [travel-checker-server] INFO  liquibase.changelog.ChangeSet.info - ChangeSet db/changelog/changelog/20210624-004-marker-create.xml::20210624-004-1::lzugaj ran successfully in 6ms
11-10-2021 10:28:45.159 [main] [travel-checker-server] INFO  liquibase.changelog.ChangeSet.info - Foreign key constraint added to marker (coordinate_id)
11-10-2021 10:28:45.160 [main] [travel-checker-server] INFO  liquibase.changelog.ChangeSet.info - ChangeSet db/changelog/changelog/20210624-004-marker-create.xml::20210624-004-2::lzugaj ran successfully in 5ms
11-10-2021 10:28:45.174 [main] [travel-checker-server] INFO  liquibase.changelog.ChangeSet.info - Table user_marker created
11-10-2021 10:28:45.174 [main] [travel-checker-server] INFO  liquibase.changelog.ChangeSet.info - ChangeSet db/changelog/changelog/20210624-005-user-marker-create.xml::20210624-005-1::lzugaj ran successfully in 2ms
11-10-2021 10:28:45.180 [main] [travel-checker-server] INFO  liquibase.changelog.ChangeSet.info - Foreign key constraint added to user_marker (user_id)
11-10-2021 10:28:45.181 [main] [travel-checker-server] INFO  liquibase.changelog.ChangeSet.info - ChangeSet db/changelog/changelog/20210624-005-user-marker-create.xml::20210624-005-2::lzugaj ran successfully in 4ms
11-10-2021 10:28:45.186 [main] [travel-checker-server] INFO  liquibase.changelog.ChangeSet.info - Foreign key constraint added to user_marker (marker_id)
11-10-2021 10:28:45.187 [main] [travel-checker-server] INFO  liquibase.changelog.ChangeSet.info - ChangeSet db/changelog/changelog/20210624-005-user-marker-create.xml::20210624-005-3::lzugaj ran successfully in 4ms
11-10-2021 10:28:45.191 [main] [travel-checker-server] INFO  liquibase.changelog.ChangeSet.info - New row inserted into role
11-10-2021 10:28:45.192 [main] [travel-checker-server] INFO  liquibase.changelog.ChangeSet.info - New row inserted into role
11-10-2021 10:28:45.192 [main] [travel-checker-server] INFO  liquibase.changelog.ChangeSet.info - ChangeSet db/changelog/changelog/20210624-006-role-insert.xml::20210624-006-1::lzugaj ran successfully in 3ms
11-10-2021 10:28:45.195 [main] [travel-checker-server] INFO  liquibase.changelog.ChangeSet.info - Unique constraint added to user(email)
11-10-2021 10:28:45.196 [main] [travel-checker-server] INFO  liquibase.changelog.ChangeSet.info - ChangeSet db/changelog/changelog/20210723-000-user-alter.xml::20210723-000-1::lzugaj ran successfully in 2ms
11-10-2021 10:28:45.199 [main] [travel-checker-server] INFO  l.lockservice.StandardLockService.info - Successfully released change log lock
11-10-2021 10:28:45.441 [main] [travel-checker-server] INFO  o.h.jpa.internal.util.LogHelper.logPersistenceUnitInformation - HHH000204: Processing PersistenceUnitInfo [name: default]
11-10-2021 10:28:45.532 [main] [travel-checker-server] INFO  org.hibernate.Version.logVersion - HHH000412: Hibernate ORM core version 5.4.28.Final
11-10-2021 10:28:45.784 [main] [travel-checker-server] INFO  o.h.annotations.common.Version.<clinit> - HCANN000001: Hibernate Commons Annotations {5.1.2.Final}
11-10-2021 10:28:45.951 [main] [travel-checker-server] INFO  org.hibernate.dialect.Dialect.<init> - HHH000400: Using dialect: org.hibernate.dialect.H2Dialect
11-10-2021 10:28:46.957 [main] [travel-checker-server] DEBUG org.hibernate.SQL.logStatement - alter table user drop constraint if exists UKob8kqyqqgmefl0aco34akdtpe
11-10-2021 10:28:46.958 [main] [travel-checker-server] DEBUG org.hibernate.SQL.logStatement - alter table user add constraint UKob8kqyqqgmefl0aco34akdtpe unique (email)
11-10-2021 10:28:46.970 [main] [travel-checker-server] DEBUG org.hibernate.SQL.logStatement - alter table marker add constraint FKbnmlind6bxnrv9knl07q7q0mu foreign key (coordinate_id) references coordinate
11-10-2021 10:28:46.985 [main] [travel-checker-server] DEBUG org.hibernate.SQL.logStatement - alter table user_marker add constraint FK7x0524j5apsrww33y6xddtmto foreign key (user_id) references user
11-10-2021 10:28:46.987 [main] [travel-checker-server] DEBUG org.hibernate.SQL.logStatement - alter table user_marker add constraint FK5m5q5jdta8sowibeyqh3mafw0 foreign key (marker_id) references marker
11-10-2021 10:28:47.005 [main] [travel-checker-server] DEBUG org.hibernate.SQL.logStatement - alter table user_role add constraint FKa68196081fvovjhkek5m97n3y foreign key (role_id) references role
11-10-2021 10:28:47.008 [main] [travel-checker-server] DEBUG org.hibernate.SQL.logStatement - alter table user_role add constraint FK859n2jvi8ivhui0rl0esws6o foreign key (user_id) references user
11-10-2021 10:28:47.010 [main] [travel-checker-server] INFO  o.h.e.t.j.p.i.JtaPlatformInitiator.initiateService - HHH000490: Using JtaPlatform implementation: [org.hibernate.engine.transaction.jta.platform.internal.NoJtaPlatform]
11-10-2021 10:28:47.026 [main] [travel-checker-server] INFO  o.s.o.j.LocalContainerEntityManagerFactoryBean.buildNativeEntityManagerFactory - Initialized JPA EntityManagerFactory for persistence unit 'default'
11-10-2021 10:28:47.649 [main] [travel-checker-server] WARN  o.s.b.a.o.j.JpaBaseConfiguration$JpaWebConfiguration.openEntityManagerInViewInterceptor - spring.jpa.open-in-view is enabled by default. Therefore, database queries may be performed during view rendering. Explicitly configure spring.jpa.open-in-view to disable this warning
11-10-2021 10:28:50.366 [main] [travel-checker-server] INFO  c.l.t.c.DatabaseConfiguration.devDatabaseConnection - DB connection for DEV - H2
11-10-2021 10:28:50.367 [main] [travel-checker-server] INFO  c.l.t.c.DatabaseConfiguration.devDatabaseConnection - Driver class name: org.h2.Driver
11-10-2021 10:28:50.367 [main] [travel-checker-server] INFO  c.l.t.c.DatabaseConfiguration.devDatabaseConnection - URL: jdbc:h2:mem:testdb
11-10-2021 10:28:50.367 [main] [travel-checker-server] INFO  c.l.t.c.DatabaseConfiguration.devDatabaseConnection - Username: sa
11-10-2021 10:28:50.367 [main] [travel-checker-server] INFO  c.l.t.c.DatabaseConfiguration.devDatabaseConnection - Password: password
11-10-2021 10:28:51.004 [main] [travel-checker-server] INFO  o.s.s.web.DefaultSecurityFilterChain.<init> - Will secure any request with [org.springframework.security.web.context.request.async.WebAsyncManagerIntegrationFilter@16a58368, org.springframework.security.web.context.SecurityContextPersistenceFilter@2808ca34, org.springframework.security.web.header.HeaderWriterFilter@2169596d, org.springframework.web.filter.CorsFilter@69dd03a0, org.springframework.security.web.authentication.logout.LogoutFilter@37601089, com.luv2code.travelchecker.filter.ExceptionHandlerFilter@51790ffb, com.luv2code.travelchecker.filter.JwtAuthenticationFilter@37f76752, com.luv2code.travelchecker.filter.JwtAuthorizationFilter@7a1f008, org.springframework.security.web.savedrequest.RequestCacheAwareFilter@49ed96e3, org.springframework.security.web.servletapi.SecurityContextHolderAwareRequestFilter@3300d3bf, org.springframework.security.web.authentication.AnonymousAuthenticationFilter@5a6f8797, org.springframework.security.web.session.SessionManagementFilter@3b4d78a4, org.springframework.security.web.access.ExceptionTranslationFilter@2515ed62, org.springframework.security.web.access.intercept.FilterSecurityInterceptor@44ca5127]
11-10-2021 10:28:51.202 [main] [travel-checker-server] INFO  o.s.s.c.ThreadPoolTaskExecutor.initialize - Initializing ExecutorService 'applicationTaskExecutor'
11-10-2021 10:28:52.033 [main] [travel-checker-server] INFO  o.a.coyote.http11.Http11NioProtocol.log - Starting ProtocolHandler ["http-nio-8080"]
11-10-2021 10:28:52.065 [main] [travel-checker-server] INFO  o.s.b.w.e.tomcat.TomcatWebServer.start - Tomcat started on port(s): 8080 (http) with context path '/api/v1/travel-checker'
11-10-2021 10:28:52.593 [main] [travel-checker-server] INFO  c.l.t.TravelCheckerApplication.logStarted - Started TravelCheckerApplication in 18.039 seconds (JVM running for 23.123)
11-10-2021 10:29:11.027 [http-nio-8080-exec-1] [travel-checker-server] INFO  o.a.c.c.C.[.[.[/api/v1/travel-checker].log - Initializing Spring DispatcherServlet 'dispatcherServlet'
11-10-2021 10:29:11.028 [http-nio-8080-exec-1] [travel-checker-server] INFO  o.s.web.servlet.DispatcherServlet.initServletBean - Initializing Servlet 'dispatcherServlet'
11-10-2021 10:29:11.033 [http-nio-8080-exec-1] [travel-checker-server] INFO  o.s.web.servlet.DispatcherServlet.initServletBean - Completed initialization in 5 ms
11-10-2021 10:29:11.368 [http-nio-8080-exec-1] [travel-checker-server] INFO  c.l.t.c.AuthorizationController.authorize - Successfully mapped UserPostDto to User.
11-10-2021 10:29:11.368 [http-nio-8080-exec-1] [travel-checker-server] INFO  c.l.t.s.i.AbstractEntityServiceImpl.findAll - Searching all User.
11-10-2021 10:29:11.628 [http-nio-8080-exec-1] [travel-checker-server] DEBUG org.hibernate.SQL.logStatement - select user0_.id as id1_3_, user0_.created_at as created_2_3_, user0_.email as email3_3_, user0_.first_name as first_na4_3_, user0_.last_name as last_nam5_3_, user0_.modified_at as modified6_3_, user0_.password as password7_3_ from user user0_
11-10-2021 10:29:11.643 [http-nio-8080-exec-1] [travel-checker-server] INFO  c.l.t.service.impl.RoleServiceImpl.findByRoleType - Searching Role with name: ´USER´.
11-10-2021 10:29:11.669 [http-nio-8080-exec-1] [travel-checker-server] DEBUG org.hibernate.SQL.logStatement - select role0_.id as id1_2_, role0_.description as descript2_2_, role0_.name as name3_2_ from role role0_ where role0_.name=?
11-10-2021 10:29:11.671 [http-nio-8080-exec-1] [travel-checker-server] TRACE o.h.type.descriptor.sql.BasicBinder.bind - binding parameter [1] as [VARCHAR] - [USER]
11-10-2021 10:29:11.701 [http-nio-8080-exec-1] [travel-checker-server] DEBUG org.hibernate.SQL.logStatement - select users0_.role_id as role_id2_5_0_, users0_.user_id as user_id1_5_0_, user1_.id as id1_3_1_, user1_.created_at as created_2_3_1_, user1_.email as email3_3_1_, user1_.first_name as first_na4_3_1_, user1_.last_name as last_nam5_3_1_, user1_.modified_at as modified6_3_1_, user1_.password as password7_3_1_ from user_role users0_ inner join user user1_ on users0_.user_id=user1_.id where users0_.role_id=?
11-10-2021 10:29:11.704 [http-nio-8080-exec-1] [travel-checker-server] TRACE o.h.type.descriptor.sql.BasicBinder.bind - binding parameter [1] as [BIGINT] - [2]
11-10-2021 10:29:11.718 [http-nio-8080-exec-1] [travel-checker-server] INFO  c.l.t.service.impl.UserServiceImpl.findUserRole - Successfully founded Role with name: ´USER´.
11-10-2021 10:29:12.306 [http-nio-8080-exec-1] [travel-checker-server] DEBUG org.hibernate.SQL.logStatement - insert into user (id, created_at, email, first_name, last_name, modified_at, password) values (null, ?, ?, ?, ?, ?, ?)
11-10-2021 10:29:12.308 [http-nio-8080-exec-1] [travel-checker-server] TRACE o.h.type.descriptor.sql.BasicBinder.bind - binding parameter [1] as [TIMESTAMP] - [2021-10-11T10:29:11.218436300]
11-10-2021 10:29:12.309 [http-nio-8080-exec-1] [travel-checker-server] TRACE o.h.type.descriptor.sql.BasicBinder.bind - binding parameter [2] as [VARCHAR] - [lzugaj@gmail.com]
11-10-2021 10:29:12.309 [http-nio-8080-exec-1] [travel-checker-server] TRACE o.h.type.descriptor.sql.BasicBinder.bind - binding parameter [3] as [VARCHAR] - [Luka]
11-10-2021 10:29:12.309 [http-nio-8080-exec-1] [travel-checker-server] TRACE o.h.type.descriptor.sql.BasicBinder.bind - binding parameter [4] as [VARCHAR] - [Žugaj]
11-10-2021 10:29:12.310 [http-nio-8080-exec-1] [travel-checker-server] TRACE o.h.type.descriptor.sql.BasicBinder.bind - binding parameter [5] as [TIMESTAMP] - [null]
11-10-2021 10:29:12.310 [http-nio-8080-exec-1] [travel-checker-server] TRACE o.h.type.descriptor.sql.BasicBinder.bind - binding parameter [6] as [VARCHAR] - [$2a$12$f58KHY2qxWJvWP.UPFeW0.AYlJZ5jcx/RMdlPvn4.ZdA88Cpna916]
11-10-2021 10:29:12.343 [http-nio-8080-exec-1] [travel-checker-server] DEBUG org.hibernate.SQL.logStatement - insert into user_role (user_id, role_id) values (?, ?)
11-10-2021 10:29:12.344 [http-nio-8080-exec-1] [travel-checker-server] TRACE o.h.type.descriptor.sql.BasicBinder.bind - binding parameter [1] as [BIGINT] - [1]
11-10-2021 10:29:12.346 [http-nio-8080-exec-1] [travel-checker-server] TRACE o.h.type.descriptor.sql.BasicBinder.bind - binding parameter [2] as [BIGINT] - [2]
11-10-2021 10:29:12.349 [http-nio-8080-exec-1] [travel-checker-server] INFO  c.l.t.s.i.AbstractEntityServiceImpl.save - Successfully created User with id: ´1´.
11-10-2021 10:29:12.350 [http-nio-8080-exec-1] [travel-checker-server] INFO  c.l.t.c.AuthorizationController.authorize - Successfully finished authorization process for User with id: ´1´.
11-10-2021 10:30:38.742 [http-nio-8080-exec-5] [travel-checker-server] DEBUG org.hibernate.SQL.logStatement - select user0_.id as id1_3_, user0_.created_at as created_2_3_, user0_.email as email3_3_, user0_.first_name as first_na4_3_, user0_.last_name as last_nam5_3_, user0_.modified_at as modified6_3_, user0_.password as password7_3_ from user user0_ where user0_.email=?
11-10-2021 10:30:38.744 [http-nio-8080-exec-5] [travel-checker-server] TRACE o.h.type.descriptor.sql.BasicBinder.bind - binding parameter [1] as [VARCHAR] - [lzugaj@gmail.com]
11-10-2021 10:30:38.747 [http-nio-8080-exec-5] [travel-checker-server] DEBUG org.hibernate.SQL.logStatement - select roles0_.user_id as user_id1_5_0_, roles0_.role_id as role_id2_5_0_, role1_.id as id1_2_1_, role1_.description as descript2_2_1_, role1_.name as name3_2_1_ from user_role roles0_ inner join role role1_ on roles0_.role_id=role1_.id where roles0_.user_id=?
11-10-2021 10:30:38.748 [http-nio-8080-exec-5] [travel-checker-server] TRACE o.h.type.descriptor.sql.BasicBinder.bind - binding parameter [1] as [BIGINT] - [1]
11-10-2021 10:30:38.756 [http-nio-8080-exec-5] [travel-checker-server] DEBUG org.hibernate.SQL.logStatement - select users0_.role_id as role_id2_5_0_, users0_.user_id as user_id1_5_0_, user1_.id as id1_3_1_, user1_.created_at as created_2_3_1_, user1_.email as email3_3_1_, user1_.first_name as first_na4_3_1_, user1_.last_name as last_nam5_3_1_, user1_.modified_at as modified6_3_1_, user1_.password as password7_3_1_ from user_role users0_ inner join user user1_ on users0_.user_id=user1_.id where users0_.role_id=?
11-10-2021 10:30:38.757 [http-nio-8080-exec-5] [travel-checker-server] TRACE o.h.type.descriptor.sql.BasicBinder.bind - binding parameter [1] as [BIGINT] - [2]
11-10-2021 10:30:38.758 [http-nio-8080-exec-5] [travel-checker-server] DEBUG org.hibernate.SQL.logStatement - select markers0_.user_id as user_id2_4_0_, markers0_.marker_id as marker_i1_4_0_, marker1_.id as id1_1_1_, marker1_.coordinate_id as coordina9_1_1_, marker1_.created_at as created_2_1_1_, marker1_.description as descript3_1_1_, marker1_.event_date as event_da4_1_1_, marker1_.grade as grade5_1_1_, marker1_.modified_at as modified6_1_1_, marker1_.name as name7_1_1_, marker1_.should_visit_again as should_v8_1_1_, coordinate2_.id as id1_0_2_, coordinate2_.latitude as latitude2_0_2_, coordinate2_.longitude as longitud3_0_2_ from user_marker markers0_ inner join marker marker1_ on markers0_.marker_id=marker1_.id left outer join coordinate coordinate2_ on marker1_.coordinate_id=coordinate2_.id where markers0_.user_id=?
11-10-2021 10:30:38.759 [http-nio-8080-exec-5] [travel-checker-server] TRACE o.h.type.descriptor.sql.BasicBinder.bind - binding parameter [1] as [BIGINT] - [1]
11-10-2021 10:30:39.373 [http-nio-8080-exec-5] [travel-checker-server] INFO  c.l.t.service.impl.UserServiceImpl.findByEmail - Searching User with email: ´lzugaj@gmail.com´.
11-10-2021 10:30:39.374 [http-nio-8080-exec-5] [travel-checker-server] DEBUG org.hibernate.SQL.logStatement - select user0_.id as id1_3_, user0_.created_at as created_2_3_, user0_.email as email3_3_, user0_.first_name as first_na4_3_, user0_.last_name as last_nam5_3_, user0_.modified_at as modified6_3_, user0_.password as password7_3_ from user user0_ where user0_.email=?
11-10-2021 10:30:39.374 [http-nio-8080-exec-5] [travel-checker-server] TRACE o.h.type.descriptor.sql.BasicBinder.bind - binding parameter [1] as [VARCHAR] - [lzugaj@gmail.com]
11-10-2021 10:30:39.375 [http-nio-8080-exec-5] [travel-checker-server] DEBUG org.hibernate.SQL.logStatement - select roles0_.user_id as user_id1_5_0_, roles0_.role_id as role_id2_5_0_, role1_.id as id1_2_1_, role1_.description as descript2_2_1_, role1_.name as name3_2_1_ from user_role roles0_ inner join role role1_ on roles0_.role_id=role1_.id where roles0_.user_id=?
11-10-2021 10:30:39.375 [http-nio-8080-exec-5] [travel-checker-server] TRACE o.h.type.descriptor.sql.BasicBinder.bind - binding parameter [1] as [BIGINT] - [1]
11-10-2021 10:30:39.376 [http-nio-8080-exec-5] [travel-checker-server] DEBUG org.hibernate.SQL.logStatement - select users0_.role_id as role_id2_5_0_, users0_.user_id as user_id1_5_0_, user1_.id as id1_3_1_, user1_.created_at as created_2_3_1_, user1_.email as email3_3_1_, user1_.first_name as first_na4_3_1_, user1_.last_name as last_nam5_3_1_, user1_.modified_at as modified6_3_1_, user1_.password as password7_3_1_ from user_role users0_ inner join user user1_ on users0_.user_id=user1_.id where users0_.role_id=?
11-10-2021 10:30:39.376 [http-nio-8080-exec-5] [travel-checker-server] TRACE o.h.type.descriptor.sql.BasicBinder.bind - binding parameter [1] as [BIGINT] - [2]
11-10-2021 10:30:39.377 [http-nio-8080-exec-5] [travel-checker-server] DEBUG org.hibernate.SQL.logStatement - select markers0_.user_id as user_id2_4_0_, markers0_.marker_id as marker_i1_4_0_, marker1_.id as id1_1_1_, marker1_.coordinate_id as coordina9_1_1_, marker1_.created_at as created_2_1_1_, marker1_.description as descript3_1_1_, marker1_.event_date as event_da4_1_1_, marker1_.grade as grade5_1_1_, marker1_.modified_at as modified6_1_1_, marker1_.name as name7_1_1_, marker1_.should_visit_again as should_v8_1_1_, coordinate2_.id as id1_0_2_, coordinate2_.latitude as latitude2_0_2_, coordinate2_.longitude as longitud3_0_2_ from user_marker markers0_ inner join marker marker1_ on markers0_.marker_id=marker1_.id left outer join coordinate coordinate2_ on marker1_.coordinate_id=coordinate2_.id where markers0_.user_id=?
11-10-2021 10:30:39.378 [http-nio-8080-exec-5] [travel-checker-server] TRACE o.h.type.descriptor.sql.BasicBinder.bind - binding parameter [1] as [BIGINT] - [1]
11-10-2021 10:30:39.381 [http-nio-8080-exec-5] [travel-checker-server] INFO  c.l.t.filter.JwtAuthenticationFilter.successfulAuthentication - Authentication success for user with id: ´1´.
11-10-2021 10:31:14.406 [http-nio-8080-exec-7] [travel-checker-server] DEBUG org.hibernate.SQL.logStatement - select user0_.id as id1_3_, user0_.created_at as created_2_3_, user0_.email as email3_3_, user0_.first_name as first_na4_3_, user0_.last_name as last_nam5_3_, user0_.modified_at as modified6_3_, user0_.password as password7_3_ from user user0_ where user0_.email=?
11-10-2021 10:31:14.407 [http-nio-8080-exec-7] [travel-checker-server] TRACE o.h.type.descriptor.sql.BasicBinder.bind - binding parameter [1] as [VARCHAR] - [lzugaj@gmail.com]
11-10-2021 10:31:14.409 [http-nio-8080-exec-7] [travel-checker-server] DEBUG org.hibernate.SQL.logStatement - select roles0_.user_id as user_id1_5_0_, roles0_.role_id as role_id2_5_0_, role1_.id as id1_2_1_, role1_.description as descript2_2_1_, role1_.name as name3_2_1_ from user_role roles0_ inner join role role1_ on roles0_.role_id=role1_.id where roles0_.user_id=?
11-10-2021 10:31:14.411 [http-nio-8080-exec-7] [travel-checker-server] TRACE o.h.type.descriptor.sql.BasicBinder.bind - binding parameter [1] as [BIGINT] - [1]
11-10-2021 10:31:14.413 [http-nio-8080-exec-7] [travel-checker-server] DEBUG org.hibernate.SQL.logStatement - select users0_.role_id as role_id2_5_0_, users0_.user_id as user_id1_5_0_, user1_.id as id1_3_1_, user1_.created_at as created_2_3_1_, user1_.email as email3_3_1_, user1_.first_name as first_na4_3_1_, user1_.last_name as last_nam5_3_1_, user1_.modified_at as modified6_3_1_, user1_.password as password7_3_1_ from user_role users0_ inner join user user1_ on users0_.user_id=user1_.id where users0_.role_id=?
11-10-2021 10:31:14.413 [http-nio-8080-exec-7] [travel-checker-server] TRACE o.h.type.descriptor.sql.BasicBinder.bind - binding parameter [1] as [BIGINT] - [2]
11-10-2021 10:31:14.415 [http-nio-8080-exec-7] [travel-checker-server] DEBUG org.hibernate.SQL.logStatement - select markers0_.user_id as user_id2_4_0_, markers0_.marker_id as marker_i1_4_0_, marker1_.id as id1_1_1_, marker1_.coordinate_id as coordina9_1_1_, marker1_.created_at as created_2_1_1_, marker1_.description as descript3_1_1_, marker1_.event_date as event_da4_1_1_, marker1_.grade as grade5_1_1_, marker1_.modified_at as modified6_1_1_, marker1_.name as name7_1_1_, marker1_.should_visit_again as should_v8_1_1_, coordinate2_.id as id1_0_2_, coordinate2_.latitude as latitude2_0_2_, coordinate2_.longitude as longitud3_0_2_ from user_marker markers0_ inner join marker marker1_ on markers0_.marker_id=marker1_.id left outer join coordinate coordinate2_ on marker1_.coordinate_id=coordinate2_.id where markers0_.user_id=?
11-10-2021 10:31:14.416 [http-nio-8080-exec-7] [travel-checker-server] TRACE o.h.type.descriptor.sql.BasicBinder.bind - binding parameter [1] as [BIGINT] - [1]
11-10-2021 10:31:14.421 [http-nio-8080-exec-7] [travel-checker-server] INFO  c.l.t.service.impl.UserServiceImpl.findByEmail - Searching User with email: ´lzugaj@gmail.com´.
11-10-2021 10:31:14.422 [http-nio-8080-exec-7] [travel-checker-server] DEBUG org.hibernate.SQL.logStatement - select user0_.id as id1_3_, user0_.created_at as created_2_3_, user0_.email as email3_3_, user0_.first_name as first_na4_3_, user0_.last_name as last_nam5_3_, user0_.modified_at as modified6_3_, user0_.password as password7_3_ from user user0_ where user0_.email=?
11-10-2021 10:31:14.423 [http-nio-8080-exec-7] [travel-checker-server] TRACE o.h.type.descriptor.sql.BasicBinder.bind - binding parameter [1] as [VARCHAR] - [lzugaj@gmail.com]
11-10-2021 10:31:14.424 [http-nio-8080-exec-7] [travel-checker-server] DEBUG org.hibernate.SQL.logStatement - select roles0_.user_id as user_id1_5_0_, roles0_.role_id as role_id2_5_0_, role1_.id as id1_2_1_, role1_.description as descript2_2_1_, role1_.name as name3_2_1_ from user_role roles0_ inner join role role1_ on roles0_.role_id=role1_.id where roles0_.user_id=?
11-10-2021 10:31:14.425 [http-nio-8080-exec-7] [travel-checker-server] TRACE o.h.type.descriptor.sql.BasicBinder.bind - binding parameter [1] as [BIGINT] - [1]
11-10-2021 10:31:14.427 [http-nio-8080-exec-7] [travel-checker-server] DEBUG org.hibernate.SQL.logStatement - select users0_.role_id as role_id2_5_0_, users0_.user_id as user_id1_5_0_, user1_.id as id1_3_1_, user1_.created_at as created_2_3_1_, user1_.email as email3_3_1_, user1_.first_name as first_na4_3_1_, user1_.last_name as last_nam5_3_1_, user1_.modified_at as modified6_3_1_, user1_.password as password7_3_1_ from user_role users0_ inner join user user1_ on users0_.user_id=user1_.id where users0_.role_id=?
11-10-2021 10:31:14.428 [http-nio-8080-exec-7] [travel-checker-server] TRACE o.h.type.descriptor.sql.BasicBinder.bind - binding parameter [1] as [BIGINT] - [2]
11-10-2021 10:31:14.429 [http-nio-8080-exec-7] [travel-checker-server] DEBUG org.hibernate.SQL.logStatement - select markers0_.user_id as user_id2_4_0_, markers0_.marker_id as marker_i1_4_0_, marker1_.id as id1_1_1_, marker1_.coordinate_id as coordina9_1_1_, marker1_.created_at as created_2_1_1_, marker1_.description as descript3_1_1_, marker1_.event_date as event_da4_1_1_, marker1_.grade as grade5_1_1_, marker1_.modified_at as modified6_1_1_, marker1_.name as name7_1_1_, marker1_.should_visit_again as should_v8_1_1_, coordinate2_.id as id1_0_2_, coordinate2_.latitude as latitude2_0_2_, coordinate2_.longitude as longitud3_0_2_ from user_marker markers0_ inner join marker marker1_ on markers0_.marker_id=marker1_.id left outer join coordinate coordinate2_ on marker1_.coordinate_id=coordinate2_.id where markers0_.user_id=?
11-10-2021 10:31:14.429 [http-nio-8080-exec-7] [travel-checker-server] TRACE o.h.type.descriptor.sql.BasicBinder.bind - binding parameter [1] as [BIGINT] - [1]
11-10-2021 10:31:14.431 [http-nio-8080-exec-7] [travel-checker-server] INFO  c.l.t.filter.JwtAuthorizationFilter.doFilterInternal - User with id: ´1´ accessed URL: ´http://localhost:8080/api/v1/travel-checker/auth/me´.
11-10-2021 10:31:14.433 [http-nio-8080-exec-7] [travel-checker-server] INFO  c.l.t.controller.UserController.getMyAuthDetails - Successfully founded currently logged in User with email: ´lzugaj@gmail.com´.
11-10-2021 10:31:14.433 [http-nio-8080-exec-7] [travel-checker-server] INFO  c.l.t.service.impl.UserServiceImpl.findByEmail - Searching User with email: ´lzugaj@gmail.com´.
11-10-2021 10:31:14.434 [http-nio-8080-exec-7] [travel-checker-server] DEBUG org.hibernate.SQL.logStatement - select user0_.id as id1_3_, user0_.created_at as created_2_3_, user0_.email as email3_3_, user0_.first_name as first_na4_3_, user0_.last_name as last_nam5_3_, user0_.modified_at as modified6_3_, user0_.password as password7_3_ from user user0_ where user0_.email=?
11-10-2021 10:31:14.435 [http-nio-8080-exec-7] [travel-checker-server] TRACE o.h.type.descriptor.sql.BasicBinder.bind - binding parameter [1] as [VARCHAR] - [lzugaj@gmail.com]
11-10-2021 10:31:14.435 [http-nio-8080-exec-7] [travel-checker-server] DEBUG org.hibernate.SQL.logStatement - select roles0_.user_id as user_id1_5_0_, roles0_.role_id as role_id2_5_0_, role1_.id as id1_2_1_, role1_.description as descript2_2_1_, role1_.name as name3_2_1_ from user_role roles0_ inner join role role1_ on roles0_.role_id=role1_.id where roles0_.user_id=?
11-10-2021 10:31:14.436 [http-nio-8080-exec-7] [travel-checker-server] TRACE o.h.type.descriptor.sql.BasicBinder.bind - binding parameter [1] as [BIGINT] - [1]
11-10-2021 10:31:14.437 [http-nio-8080-exec-7] [travel-checker-server] DEBUG org.hibernate.SQL.logStatement - select users0_.role_id as role_id2_5_0_, users0_.user_id as user_id1_5_0_, user1_.id as id1_3_1_, user1_.created_at as created_2_3_1_, user1_.email as email3_3_1_, user1_.first_name as first_na4_3_1_, user1_.last_name as last_nam5_3_1_, user1_.modified_at as modified6_3_1_, user1_.password as password7_3_1_ from user_role users0_ inner join user user1_ on users0_.user_id=user1_.id where users0_.role_id=?
11-10-2021 10:31:14.438 [http-nio-8080-exec-7] [travel-checker-server] TRACE o.h.type.descriptor.sql.BasicBinder.bind - binding parameter [1] as [BIGINT] - [2]
11-10-2021 10:31:14.439 [http-nio-8080-exec-7] [travel-checker-server] DEBUG org.hibernate.SQL.logStatement - select markers0_.user_id as user_id2_4_0_, markers0_.marker_id as marker_i1_4_0_, marker1_.id as id1_1_1_, marker1_.coordinate_id as coordina9_1_1_, marker1_.created_at as created_2_1_1_, marker1_.description as descript3_1_1_, marker1_.event_date as event_da4_1_1_, marker1_.grade as grade5_1_1_, marker1_.modified_at as modified6_1_1_, marker1_.name as name7_1_1_, marker1_.should_visit_again as should_v8_1_1_, coordinate2_.id as id1_0_2_, coordinate2_.latitude as latitude2_0_2_, coordinate2_.longitude as longitud3_0_2_ from user_marker markers0_ inner join marker marker1_ on markers0_.marker_id=marker1_.id left outer join coordinate coordinate2_ on marker1_.coordinate_id=coordinate2_.id where markers0_.user_id=?
11-10-2021 10:31:14.440 [http-nio-8080-exec-7] [travel-checker-server] TRACE o.h.type.descriptor.sql.BasicBinder.bind - binding parameter [1] as [BIGINT] - [1]
11-10-2021 10:31:14.440 [http-nio-8080-exec-7] [travel-checker-server] INFO  c.l.t.controller.UserController.getMyAuthDetails - Successfully founded User with email: ´lzugaj@gmail.com´.
